<?xml version="1.0" encoding="UTF-8"?>
<!-- Generated by org.testng.reporters.JUnitReportReporter -->
<testsuite hostname="PAWAR" failures="0" tests="1" name="Test_TestNG.Test_2" time="4.718" errors="0" timestamp="2022-06-20T15:20:59 IST" skipped="0">
  <testcase classname="Test_TestNG.Test_2" name="test_1" time="4.718"/>
  <system-out/>
</testsuite> <!-- Test_TestNG.Test_2 -->
