<?xml version="1.0" encoding="UTF-8"?>
<!-- Generated by org.testng.reporters.JUnitReportReporter -->
<testsuite hostname="PAWAR" failures="0" tests="3" name="Test_TestNG.Test_4_LimitatiosThroughXML" time="0.012" errors="0" timestamp="2022-06-20T18:41:35 IST" skipped="0">
  <testcase classname="Test_TestNG.Test_4_LimitatiosThroughXML" name="Test_002" time="0.002"/>
  <system-out/>
  <testcase classname="Test_TestNG.Test_4_LimitatiosThroughXML" name="Test_003" time="0.005"/>
  <system-out/>
  <testcase classname="Test_TestNG.Test_4_LimitatiosThroughXML" name="Test_001" time="0.005"/>
  <system-out/>
</testsuite> <!-- Test_TestNG.Test_4_LimitatiosThroughXML -->
