<?xml version="1.0" encoding="UTF-8"?>
<!-- Generated by org.testng.reporters.JUnitReportReporter -->
<testsuite hostname="PAWAR" failures="0" tests="1" name="Selenium_Practice.Selenium_waits" time="16.199" errors="0" timestamp="2022-09-23T18:38:23 IST" skipped="0">
  <testcase classname="Selenium_Practice.Selenium_waits" name="TC_001" time="16.199"/>
  <system-out/>
</testsuite> <!-- Selenium_Practice.Selenium_waits -->
