<?xml version="1.0" encoding="UTF-8"?>
<!-- Generated by org.testng.reporters.JUnitReportReporter -->
<testsuite hostname="PAWAR" failures="0" tests="1" name="Test_TestNG.Test_ScreenShot" time="5.874" errors="0" timestamp="2022-06-22T12:11:37 IST" skipped="0">
  <testcase classname="Test_TestNG.Test_ScreenShot" name="VerifyTest_001" time="5.874"/>
  <system-out/>
</testsuite> <!-- Test_TestNG.Test_ScreenShot -->
