<?xml version="1.0" encoding="UTF-8"?>
<!-- Generated by org.testng.reporters.JUnitReportReporter -->
<testsuite hostname="PAWAR" failures="0" tests="2" name="Selenium_Practice.CrossBrowser_Testing" time="23.804" errors="0" timestamp="2022-09-13T21:33:25 IST" skipped="0">
  <testcase classname="Selenium_Practice.CrossBrowser_Testing" name="VerifyLoginPage" time="10.672"/>
  <system-out/>
  <testcase classname="Selenium_Practice.CrossBrowser_Testing" name="VerifyLoginPage" time="13.132"/>
  <system-out/>
</testsuite> <!-- Selenium_Practice.CrossBrowser_Testing -->
