<?xml version="1.0" encoding="UTF-8"?>
<!-- Generated by org.testng.reporters.JUnitReportReporter -->
<testsuite hostname="PAWAR" failures="0" tests="2" name="Test_TestNG.Test_1" time="0.011" errors="0" timestamp="2022-06-20T15:11:10 IST" skipped="0">
  <testcase classname="Test_TestNG.Test_1" name="testc" time="0.009"/>
  <system-out/>
  <testcase classname="Test_TestNG.Test_1" name="testb" time="0.002"/>
  <system-out/>
</testsuite> <!-- Test_TestNG.Test_1 -->
