<?xml version="1.0" encoding="UTF-8"?>
<!-- Generated by org.testng.reporters.JUnitReportReporter -->
<testsuite hostname="PAWAR" failures="0" tests="2" name="Selenium_Practice.Include_Exclude_XML" time="25.381" errors="0" timestamp="2022-09-14T10:22:30 IST" skipped="0">
  <testcase classname="Selenium_Practice.Include_Exclude_XML" name="TC_001_VerifyLoginPage" time="10.933"/>
  <system-out/>
  <testcase classname="Selenium_Practice.Include_Exclude_XML" name="TC_001_VerifyHomePage" time="14.448"/>
  <system-out/>
</testsuite> <!-- Selenium_Practice.Include_Exclude_XML -->
