<?xml version="1.0" encoding="UTF-8"?>
<!-- Generated by org.testng.reporters.JUnitReportReporter -->
<testsuite hostname="PAWAR" failures="0" tests="2" name="Selenium_Practice.Orange_HRM" time="21.721" errors="0" timestamp="2022-09-23T10:27:32 IST" skipped="0">
  <testcase classname="Selenium_Practice.Orange_HRM" name="test_001" time="9.685"/>
  <system-out/>
  <testcase classname="Selenium_Practice.Orange_HRM" name="InvalidDatatest_002" time="12.036"/>
  <system-out/>
</testsuite> <!-- Selenium_Practice.Orange_HRM -->
