<?xml version="1.0" encoding="UTF-8"?>
<!-- Generated by org.testng.reporters.JUnitReportReporter -->
<testsuite hostname="PAWAR" failures="0" tests="1" name="Selenium_Practice.PopUp_Alert_Handling" time="31.205" errors="0" timestamp="2022-09-14T16:01:35 IST" skipped="0">
  <testcase classname="Selenium_Practice.PopUp_Alert_Handling" name="VerifyAlert" time="31.205"/>
  <system-out/>
</testsuite> <!-- Selenium_Practice.PopUp_Alert_Handling -->
