<?xml version="1.0" encoding="UTF-8"?>
<!-- Generated by org.testng.reporters.JUnitReportReporter -->
<testsuite hostname="PAWAR" failures="0" tests="2" name="Selenium_Practice.Test_SignUp_POM" time="9.187" errors="0" timestamp="2022-09-22T17:12:17 IST" skipped="0">
  <testcase classname="Selenium_Practice.Test_SignUp_POM" name="VerifySignUpWithValidData_TC001" time="3.071"/>
  <system-out/>
  <testcase classname="Selenium_Practice.Test_SignUp_POM" name="VerifySignUpWithInvalidData" time="6.116"/>
  <system-out/>
</testsuite> <!-- Selenium_Practice.Test_SignUp_POM -->
