<?xml version="1.0" encoding="UTF-8"?>
<!-- Generated by org.testng.reporters.JUnitReportReporter -->
<testsuite hostname="PAWAR" failures="0" tests="1" name="Test_TestNG.ChildWindow_PopUp" time="10.240" errors="0" timestamp="2022-06-21T14:18:58 IST" skipped="0">
  <testcase classname="Test_TestNG.ChildWindow_PopUp" name="VerifyTest_001" time="10.240"/>
  <system-out/>
</testsuite> <!-- Test_TestNG.ChildWindow_PopUp -->
