<?xml version="1.0" encoding="UTF-8"?>
<!-- Generated by org.testng.reporters.JUnitReportReporter -->
<testsuite hostname="PAWAR" failures="0" tests="2" name="Test_TestNG.Test_POM" time="9.095" errors="0" timestamp="2022-06-23T08:39:42 IST" skipped="0">
  <testcase classname="Test_TestNG.Test_POM" name="Verifyloginpage" time="2.388"/>
  <system-out/>
  <testcase classname="Test_TestNG.Test_POM" name="VerifyLoginPageWithInvalidData" time="6.707"/>
  <system-out/>
</testsuite> <!-- Test_TestNG.Test_POM -->
