<?xml version="1.0" encoding="UTF-8"?>
<!-- Generated by org.testng.reporters.JUnitReportReporter -->
<testsuite hostname="PAWAR" failures="0" tests="1" name="Test_TestNG.Test_Alert" time="13.157" errors="0" timestamp="2022-06-21T12:42:33 IST" skipped="0">
  <testcase classname="Test_TestNG.Test_Alert" name="VerifyAlert" time="13.157"/>
  <system-out/>
</testsuite> <!-- Test_TestNG.Test_Alert -->
