<?xml version="1.0" encoding="UTF-8"?>
<!-- Generated by org.testng.reporters.JUnitReportReporter -->
<testsuite hostname="PAWAR" failures="0" tests="1" name="Selenium_Practice.Take_ScreenShot_Capture" time="6.598" errors="0" timestamp="2022-09-22T13:15:46 IST" skipped="0">
  <testcase classname="Selenium_Practice.Take_ScreenShot_Capture" name="Test_001" time="6.598"/>
  <system-out/>
</testsuite> <!-- Selenium_Practice.Take_ScreenShot_Capture -->
