<?xml version="1.0" encoding="UTF-8"?>
<!-- Generated by org.testng.reporters.JUnitReportReporter -->
<testsuite hostname="PAWAR" failures="0" tests="4" name="Test_TestNG.Test_5" time="0.023" errors="0" timestamp="2022-09-12T18:26:51 IST" skipped="0">
  <testcase classname="Test_TestNG.Test_5" name="Test_001" time="0.008"/>
  <system-out/>
  <testcase classname="Test_TestNG.Test_5" name="Test_002" time="0.010"/>
  <system-out/>
  <testcase classname="Test_TestNG.Test_5" name="Test_003" time="0.003"/>
  <system-out/>
  <testcase classname="Test_TestNG.Test_5" name="Test_004" time="0.002"/>
  <system-out/>
</testsuite> <!-- Test_TestNG.Test_5 -->
