<?xml version="1.0" encoding="UTF-8"?>
<!-- Generated by org.testng.reporters.JUnitReportReporter -->
<testsuite hostname="PAWAR" failures="0" tests="1" name="Selenium_Practice.PopUP_ChildBrowserHandle" time="57.580" errors="0" timestamp="2022-09-14T16:46:07 IST" skipped="0">
  <testcase classname="Selenium_Practice.PopUP_ChildBrowserHandle" name="ChildBrowserPopUp" time="57.580"/>
  <system-out/>
</testsuite> <!-- Selenium_Practice.PopUP_ChildBrowserHandle -->
