<?xml version="1.0" encoding="UTF-8"?>
<!-- Generated by org.testng.reporters.JUnitReportReporter -->
<testsuite hostname="PAWAR" failures="0" tests="2" name="Selenium_Practice.TestNG" time="15.367" errors="0" timestamp="2022-09-13T21:24:39 IST" skipped="0">
  <testcase classname="Selenium_Practice.TestNG" name="VerifyLoginPage_TC_001" time="10.126"/>
  <system-out/>
  <testcase classname="Selenium_Practice.TestNG" name="Test_2" time="5.241"/>
  <system-out/>
</testsuite> <!-- Selenium_Practice.TestNG -->
